

Microchip MPLAB XC8 Assembler V2.46 build 20240104201356 
                                                                                               Thu Mar 14 22:53:14 2024

Microchip MPLAB XC8 C Compiler v2.46 (Free license) build 20240104201356 Og1 
     1                           	processor	16F877A
     2                           	pagewidth 120
     3                           	opt	flic
     4                           	psect	cinit,global,class=CODE,merge=1,delta=2
     5                           	psect	cstackCOMMON,global,class=COMMON,space=1,delta=1,noexec
     6                           	psect	maintext,global,class=CODE,split=1,delta=2
     7                           	psect	text1,local,class=CODE,merge=1,delta=2
     8                           	psect	config,global,abs,ovrld,class=CONFIG,space=4,delta=2,noexec
     9                           	dabs	1,0x7E,2
    10     0000                     
    11                           ; Generated 12/10/2023 GMT
    12                           ; 
    13                           ; Copyright © 2023, Microchip Technology Inc. and its subsidiaries ("Microchip")
    14                           ; All rights reserved.
    15                           ; 
    16                           ; This software is developed by Microchip Technology Inc. and its subsidiaries ("Microch
      +                          ip").
    17                           ; 
    18                           ; Redistribution and use in source and binary forms, with or without modification, are
    19                           ; permitted provided that the following conditions are met:
    20                           ; 
    21                           ;     1. Redistributions of source code must retain the above copyright notice, this lis
      +                          t of
    22                           ;        conditions and the following disclaimer.
    23                           ; 
    24                           ;     2. Redistributions in binary form must reproduce the above copyright notice, this 
      +                          list
    25                           ;        of conditions and the following disclaimer in the documentation and/or other
    26                           ;        materials provided with the distribution. Publication is not required when
    27                           ;        this file is used in an embedded application.
    28                           ; 
    29                           ;     3. Microchip's name may not be used to endorse or promote products derived from th
      +                          is
    30                           ;        software without specific prior written permission.
    31                           ; 
    32                           ; THIS SOFTWARE IS PROVIDED BY MICROCHIP "AS IS" AND ANY EXPRESS OR IMPLIED WARRANTIES,
    33                           ; INCLUDING, BUT NOT LIMITED TO, THE IMPLIED WARRANTIES OF MERCHANTABILITY AND FITNESS F
      +                          OR
    34                           ; PURPOSE ARE DISCLAIMED.  IN NO EVENT SHALL MICROCHIP BE LIABLE FOR ANY DIRECT, INDIREC
      +                          T,
    35                           ; INCIDENTAL, SPECIAL, EXEMPLARY, OR CONSEQUENTIAL DAMAGES (INCLUDING BUT NOT LIMITED TO
    36                           ; PROCUREMENT OF SUBSTITUTE GOODS OR SERVICES; LOSS OF USE, DATA OR PROFITS; OR BUSINESS
    37                           ; INTERRUPTION) HOWSOEVER CAUSED AND ON ANY THEORY OF LIABILITY, WHETHER IN CONTRACT, ST
      +                          RICT
    38                           ; LIABILITY, OR TORT (INCLUDING NEGLIGENCE OR OTHERWISE) ARISING IN ANY WAY OUT OF THE U
      +                          SE OF
    39                           ; THIS SOFTWARE, EVEN IF ADVISED OF THE POSSIBILITY OF SUCH DAMAGE.
    40                           ; 
    41                           ; 
    42                           ; Code-generator required, PIC16F877A Definitions
    43                           ; 
    44                           ; SFR Addresses
    45     0000                     	;# 
    46     0001                     	;# 
    47     0002                     	;# 
    48     0003                     	;# 
    49     0004                     	;# 
    50     0005                     	;# 
    51     0006                     	;# 
    52     0007                     	;# 
    53     0008                     	;# 
    54     0009                     	;# 
    55     000A                     	;# 
    56     000B                     	;# 
    57     000C                     	;# 
    58     000D                     	;# 
    59     000E                     	;# 
    60     000E                     	;# 
    61     000F                     	;# 
    62     0010                     	;# 
    63     0011                     	;# 
    64     0012                     	;# 
    65     0013                     	;# 
    66     0014                     	;# 
    67     0015                     	;# 
    68     0015                     	;# 
    69     0016                     	;# 
    70     0017                     	;# 
    71     0018                     	;# 
    72     0019                     	;# 
    73     001A                     	;# 
    74     001B                     	;# 
    75     001B                     	;# 
    76     001C                     	;# 
    77     001D                     	;# 
    78     001E                     	;# 
    79     001F                     	;# 
    80     0081                     	;# 
    81     0085                     	;# 
    82     0086                     	;# 
    83     0087                     	;# 
    84     0088                     	;# 
    85     0089                     	;# 
    86     008C                     	;# 
    87     008D                     	;# 
    88     008E                     	;# 
    89     0091                     	;# 
    90     0092                     	;# 
    91     0093                     	;# 
    92     0094                     	;# 
    93     0098                     	;# 
    94     0099                     	;# 
    95     009C                     	;# 
    96     009D                     	;# 
    97     009E                     	;# 
    98     009F                     	;# 
    99     010C                     	;# 
   100     010D                     	;# 
   101     010E                     	;# 
   102     010F                     	;# 
   103     018C                     	;# 
   104     018D                     	;# 
   105     0000                     	;# 
   106     0001                     	;# 
   107     0002                     	;# 
   108     0003                     	;# 
   109     0004                     	;# 
   110     0005                     	;# 
   111     0006                     	;# 
   112     0007                     	;# 
   113     0008                     	;# 
   114     0009                     	;# 
   115     000A                     	;# 
   116     000B                     	;# 
   117     000C                     	;# 
   118     000D                     	;# 
   119     000E                     	;# 
   120     000E                     	;# 
   121     000F                     	;# 
   122     0010                     	;# 
   123     0011                     	;# 
   124     0012                     	;# 
   125     0013                     	;# 
   126     0014                     	;# 
   127     0015                     	;# 
   128     0015                     	;# 
   129     0016                     	;# 
   130     0017                     	;# 
   131     0018                     	;# 
   132     0019                     	;# 
   133     001A                     	;# 
   134     001B                     	;# 
   135     001B                     	;# 
   136     001C                     	;# 
   137     001D                     	;# 
   138     001E                     	;# 
   139     001F                     	;# 
   140     0081                     	;# 
   141     0085                     	;# 
   142     0086                     	;# 
   143     0087                     	;# 
   144     0088                     	;# 
   145     0089                     	;# 
   146     008C                     	;# 
   147     008D                     	;# 
   148     008E                     	;# 
   149     0091                     	;# 
   150     0092                     	;# 
   151     0093                     	;# 
   152     0094                     	;# 
   153     0098                     	;# 
   154     0099                     	;# 
   155     009C                     	;# 
   156     009D                     	;# 
   157     009E                     	;# 
   158     009F                     	;# 
   159     010C                     	;# 
   160     010D                     	;# 
   161     010E                     	;# 
   162     010F                     	;# 
   163     018C                     	;# 
   164     018D                     	;# 
   165     0039                     _RC1	set	57
   166     0439                     _TRISC1	set	1081
   167                           
   168                           	psect	cinit
   169     07FC                     start_initialization:	
   170                           ; #config settings
   171                           
   172     07FC                     __initialization:
   173     07FC                     end_of_initialization:	
   174                           ;End of C runtime variable initialization code
   175                           
   176     07FC                     __end_of__initialization:
   177     07FC  0183               	clrf	3
   178     07FD  120A  118A  2FC9   	ljmp	_main	;jump to C main() function
   179                           
   180                           	psect	cstackCOMMON
   181     0070                     __pcstackCOMMON:
   182     0070                     ?_init_config:
   183     0070                     ??_init_config:	
   184                           ; 1 bytes @ 0x0
   185                           
   186     0070                     ?_main:	
   187                           ; 1 bytes @ 0x0
   188                           
   189     0070                     ??_main:	
   190                           ; 1 bytes @ 0x0
   191                           
   192     0070                     main@wait:	
   193                           ; 1 bytes @ 0x0
   194                           
   195                           
   196                           ; 2 bytes @ 0x0
   197     0070                     	ds	2
   198     0072                     main@wait_32:
   199                           
   200                           ; 2 bytes @ 0x2
   201     0072                     	ds	2
   202                           
   203                           	psect	maintext
   204     07C9                     __pmaintext:	
   205 ;;
   206 ;;Main: autosize = 0, tempsize = 0, incstack = 0, save=0
   207 ;;
   208 ;; *************** function _main *****************
   209 ;; Defined at:
   210 ;;		line 22 in file "main.c"
   211 ;; Parameters:    Size  Location     Type
   212 ;;		None
   213 ;; Auto vars:     Size  Location     Type
   214 ;;  wait            2    2[COMMON] unsigned int 
   215 ;;  wait            2    0[COMMON] unsigned int 
   216 ;; Return value:  Size  Location     Type
   217 ;;                  1    wreg      void 
   218 ;; Registers used:
   219 ;;		wreg, status,2, status,0, pclath, cstack
   220 ;; Tracked objects:
   221 ;;		On entry : B00/0
   222 ;;		On exit  : 0/0
   223 ;;		Unchanged: 0/0
   224 ;; Data sizes:     COMMON   BANK0   BANK1   BANK3   BANK2
   225 ;;      Params:         0       0       0       0       0
   226 ;;      Locals:         4       0       0       0       0
   227 ;;      Temps:          0       0       0       0       0
   228 ;;      Totals:         4       0       0       0       0
   229 ;;Total ram usage:        4 bytes
   230 ;; Hardware stack levels required when called: 1
   231 ;; This function calls:
   232 ;;		_init_config
   233 ;; This function is called by:
   234 ;;		Startup code after reset
   235 ;; This function uses a non-reentrant model
   236 ;;
   237                           
   238     07C9                     _main:	
   239                           ;psect for function _main
   240                           
   241     07C9                     l567:	
   242                           ;incstack = 0
   243                           ; Regs used in _main: [wreg+status,2+status,0+pclath+cstack]
   244                           
   245     07C9  120A  118A  27C5  120A  118A  	fcall	_init_config
   246     07CE                     l569:
   247     07CE  1283               	bcf	3,5	;RP0=0, select bank0
   248     07CF  1303               	bcf	3,6	;RP1=0, select bank0
   249     07D0  1487               	bsf	7,1	;volatile
   250     07D1                     l571:
   251     07D1  3050               	movlw	80
   252     07D2  00F0               	movwf	main@wait
   253     07D3  30C3               	movlw	195
   254     07D4  00F1               	movwf	main@wait+1
   255     07D5                     l573:
   256     07D5  3001               	movlw	1
   257     07D6  02F0               	subwf	main@wait,f
   258     07D7  3000               	movlw	0
   259     07D8  1C03               	skipc
   260     07D9  03F1               	decf	main@wait+1,f
   261     07DA  02F1               	subwf	main@wait+1,f
   262     07DB  0A70               	incf	main@wait,w
   263     07DC  1D03               	skipz
   264     07DD  2FE2               	goto	u11
   265     07DE  0A71               	incf	main@wait+1,w
   266     07DF  1D03               	btfss	3,2
   267     07E0  2FE2               	goto	u11
   268     07E1  2FE3               	goto	u10
   269     07E2                     u11:
   270     07E2  2FD5               	goto	l573
   271     07E3                     u10:
   272     07E3                     l15:
   273     07E3  1283               	bcf	3,5	;RP0=0, select bank0
   274     07E4  1303               	bcf	3,6	;RP1=0, select bank0
   275     07E5  1087               	bcf	7,1	;volatile
   276     07E6                     l575:
   277     07E6  3050               	movlw	80
   278     07E7  00F2               	movwf	main@wait_32
   279     07E8  30C3               	movlw	195
   280     07E9  00F3               	movwf	main@wait_32+1
   281     07EA                     l577:
   282     07EA  3001               	movlw	1
   283     07EB  02F2               	subwf	main@wait_32,f
   284     07EC  3000               	movlw	0
   285     07ED  1C03               	skipc
   286     07EE  03F3               	decf	main@wait_32+1,f
   287     07EF  02F3               	subwf	main@wait_32+1,f
   288     07F0  0A72               	incf	main@wait_32,w
   289     07F1  1D03               	skipz
   290     07F2  2FF7               	goto	u21
   291     07F3  0A73               	incf	main@wait_32+1,w
   292     07F4  1D03               	btfss	3,2
   293     07F5  2FF7               	goto	u21
   294     07F6  2FF8               	goto	u20
   295     07F7                     u21:
   296     07F7  2FEA               	goto	l577
   297     07F8                     u20:
   298     07F8  2FCE               	goto	l569
   299     07F9  120A  118A  2800   	ljmp	start
   300     07FC                     __end_of_main:
   301                           
   302                           	psect	text1
   303     07C5                     __ptext1:	
   304 ;; *************** function _init_config *****************
   305 ;; Defined at:
   306 ;;		line 14 in file "main.c"
   307 ;; Parameters:    Size  Location     Type
   308 ;;		None
   309 ;; Auto vars:     Size  Location     Type
   310 ;;		None
   311 ;; Return value:  Size  Location     Type
   312 ;;                  1    wreg      void 
   313 ;; Registers used:
   314 ;;		None
   315 ;; Tracked objects:
   316 ;;		On entry : 0/0
   317 ;;		On exit  : 0/0
   318 ;;		Unchanged: 0/0
   319 ;; Data sizes:     COMMON   BANK0   BANK1   BANK3   BANK2
   320 ;;      Params:         0       0       0       0       0
   321 ;;      Locals:         0       0       0       0       0
   322 ;;      Temps:          0       0       0       0       0
   323 ;;      Totals:         0       0       0       0       0
   324 ;;Total ram usage:        0 bytes
   325 ;; Hardware stack levels used: 1
   326 ;; This function calls:
   327 ;;		Nothing
   328 ;; This function is called by:
   329 ;;		_main
   330 ;; This function uses a non-reentrant model
   331 ;;
   332                           
   333     07C5                     _init_config:	
   334                           ;psect for function _init_config
   335                           
   336     07C5                     l565:	
   337                           ;incstack = 0
   338                           ; Regs used in _init_config: []
   339                           
   340                           
   341                           ;main.c: 18:         for(unsigned int wait = 50000; wait--;);
   342     07C5  1683               	bsf	3,5	;RP0=1, select bank1
   343     07C6  1303               	bcf	3,6	;RP1=0, select bank1
   344     07C7  1087               	bcf	7,1	;volatile
   345     07C8                     l7:
   346     07C8  0008               	return
   347     07C9                     __end_of_init_config:
   348     007E                     btemp	set	126	;btemp
   349     007E                     wtemp0	set	126
   350                           
   351                           	psect	config
   352                           
   353                           ;Config register CONFIG @ 0x2007
   354                           ;	Oscillator Selection bits
   355                           ;	FOSC = 0x3, unprogrammed default
   356                           ;	Watchdog Timer Enable bit
   357                           ;	WDTE = OFF, WDT disabled
   358                           ;	Power-up Timer Enable bit
   359                           ;	PWRTE = 0x1, unprogrammed default
   360                           ;	Brown-out Reset Enable bit
   361                           ;	BOREN = 0x1, unprogrammed default
   362                           ;	Low-Voltage (Single-Supply) In-Circuit Serial Programming Enable bit
   363                           ;	LVP = 0x1, unprogrammed default
   364                           ;	Data EEPROM Memory Code Protection bit
   365                           ;	CPD = 0x1, unprogrammed default
   366                           ;	Flash Program Memory Write Enable bits
   367                           ;	WRT = 0x3, unprogrammed default
   368                           ;	In-Circuit Debugger Mode bit
   369                           ;	DEBUG = 0x1, unprogrammed default
   370                           ;	Flash Program Memory Code Protection bit
   371                           ;	CP = 0x1, unprogrammed default
   372     2007                     	org	8199
   373     2007  3FFB               	dw	16379

Data Sizes:
    Strings     0
    Constant    0
    Data        0
    BSS         0
    Persistent  0
    Stack       0

Auto Spaces:
    Space          Size  Autos    Used
    COMMON           14      4       4
    BANK0            80      0       0
    BANK1            80      0       0
    BANK3            96      0       0
    BANK2            96      0       0

Pointer List with Targets:

    None.

Critical Paths under _main in COMMON

    None.

Critical Paths under _main in BANK0

    None.

Critical Paths under _main in BANK1

    None.

Critical Paths under _main in BANK3

    None.

Critical Paths under _main in BANK2

    None.

Call Graph Tables:

 ---------------------------------------------------------------------------------
 (Depth) Function   	        Calls       Base Space   Used Autos Params    Refs
 ---------------------------------------------------------------------------------
 (0) _main                                                 4     4      0      30
                                              0 COMMON     4     4      0
                        _init_config
 ---------------------------------------------------------------------------------
 (1) _init_config                                          0     0      0       0
 ---------------------------------------------------------------------------------
 Estimated maximum stack depth 1
 ---------------------------------------------------------------------------------

 Call Graph Graphs:

 _main (ROOT)
   _init_config

 Address spaces:
Name               Size   Autos  Total    Cost      Usage
BITCOMMON            E      0       0       0        0.0%
EEDATA             100      0       0       0        0.0%
NULL                 0      0       0       0        0.0%
CODE                 0      0       0       0        0.0%
COMMON               E      4       4       1       28.6%
BITSFR0              0      0       0       1        0.0%
SFR0                 0      0       0       1        0.0%
BITSFR1              0      0       0       2        0.0%
SFR1                 0      0       0       2        0.0%
STACK                0      0       0       2        0.0%
ABS                  0      0       0       3        0.0%
BITBANK0            50      0       0       4        0.0%
BITSFR3              0      0       0       4        0.0%
SFR3                 0      0       0       4        0.0%
BANK0               50      0       0       5        0.0%
BITSFR2              0      0       0       5        0.0%
SFR2                 0      0       0       5        0.0%
BITBANK1            50      0       0       6        0.0%
BANK1               50      0       0       7        0.0%
BITBANK3            60      0       0       8        0.0%
BANK3               60      0       0       9        0.0%
BITBANK2            60      0       0      10        0.0%
BANK2               60      0       0      11        0.0%
DATA                 0      0       0      12        0.0%


Microchip Technology PIC Macro Assembler V2.46 build 20240104201356 
Symbol Table                                                                                   Thu Mar 14 22:53:14 2024

                      l7 07C8                       l15 07E3                       u10 07E3  
                     u11 07E2                       u20 07F8                       u21 07F7  
                    l571 07D1                      l565 07C5                      l573 07D5  
                    l575 07E6                      l567 07C9                      l577 07EA  
                    l569 07CE                      _RC1 0039              main@wait_32 0072  
                   _main 07C9                     btemp 007E                     start 0000  
                  ?_main 0070             ?_init_config 0070                    status 0003  
                  wtemp0 007E          __initialization 07FC             __end_of_main 07FC  
                 ??_main 0070                   _TRISC1 0439  __end_of__initialization 07FC  
         __pcstackCOMMON 0070               __pmaintext 07C9                  __ptext1 07C5  
   end_of_initialization 07FC      start_initialization 07FC            ??_init_config 0070  
              ___latbits 0002      __end_of_init_config 07C9              _init_config 07C5  
               main@wait 0070  
